<?xml version="1.0" encoding="UTF-8"?>
<!-- Generated by org.testng.reporters.JUnitReportReporter -->
<testsuite hostname="Lab-637618506674516131-1" failures="0" tests="2" name="Group1.Artifact1.HomePage" time="6.689" errors="0" timestamp="2021-08-23T21:45:35 IST" skipped="0">
  <testcase classname="Group1.Artifact1.HomePage" name="Trial1" time="4.646"/>
  <system-out/>
  <testcase classname="Group1.Artifact1.HomePage" name="Trial1" time="2.043"/>
  <system-out/>
</testsuite> <!-- Group1.Artifact1.HomePage -->
