<?xml version="1.0" encoding="UTF-8"?>
<!-- Generated by org.testng.reporters.JUnitReportReporter -->
<testsuite hostname="Lab-637618506674516131-1" failures="0" tests="1" name="cucumberOptions.TestRunner" time="55.587" errors="0" timestamp="16 Aug 2021 15:32:13 GMT" skipped="0">
  <testcase classname="cucumberOptions.TestRunner" name="feature" time="55.587"/>
</testsuite> <!-- cucumberOptions.TestRunner -->
