<?xml version="1.0" encoding="UTF-8"?>
<!-- Generated by org.testng.reporters.JUnitReportReporter -->
<testsuite hostname="Lab-637618506674516131-1" failures="0" tests="1" name="Group1.Artifact1.Validation" time="2.092" errors="0" timestamp="23 Aug 2021 16:32:22 GMT" skipped="0">
  <testcase classname="Group1.Artifact1.Validation" name="Trial2" time="2.092"/>
</testsuite> <!-- Group1.Artifact1.Validation -->
