<?xml version="1.0" encoding="UTF-8"?>
<!-- Generated by org.testng.reporters.JUnitReportReporter -->
<testsuite hostname="Lab-637618506674516131-1" failures="0" tests="2" name="Group1.Artifact1.HomePage" time="5.319" errors="0" timestamp="23 Aug 2021 16:32:22 GMT" skipped="0">
  <testcase classname="Group1.Artifact1.HomePage" name="Trial1" time="1.842"/>
  <testcase classname="Group1.Artifact1.HomePage" name="Trial1" time="3.477"/>
</testsuite> <!-- Group1.Artifact1.HomePage -->
